{"contracts/Escrow.sol":{"l":{"47":14,"48":13,"49":12,"52":11,"55":11,"56":11,"57":11,"58":11,"60":11,"65":5,"67":4,"68":4,"69":3,"71":2,"73":2,"74":2,"76":2,"85":5,"87":4,"89":4,"90":3,"92":2,"94":2,"95":2,"97":2,"104":15,"114":7,"119":2},"path":"/Users/abhi3700/F/coding/github_repos/evm_contracts_escrow/contracts/Escrow.sol","s":{"1":14,"2":13,"3":12,"4":11,"5":11,"6":11,"7":11,"8":11,"9":11,"10":5,"11":4,"12":4,"13":3,"14":2,"15":2,"16":2,"17":2,"18":5,"19":4,"20":4,"21":3,"22":2,"23":2,"24":2,"25":2,"26":15,"27":7,"28":2},"b":{"1":[13,1],"2":[12,1],"3":[11,1],"4":[4,1],"5":[3,1],"6":[2,1],"7":[2,0],"8":[4,1],"9":[3,1],"10":[2,1],"11":[2,0]},"f":{"1":14,"2":5,"3":5,"4":15,"5":7,"6":2},"fnMap":{"1":{"name":"depositFor","line":45,"loc":{"start":{"line":45,"column":4},"end":{"line":61,"column":4}}},"2":{"name":"refund","line":64,"loc":{"start":{"line":64,"column":4},"end":{"line":77,"column":4}}},"3":{"name":"release","line":83,"loc":{"start":{"line":83,"column":4},"end":{"line":98,"column":4}}},"4":{"name":"getEscrowId","line":103,"loc":{"start":{"line":103,"column":4},"end":{"line":105,"column":4}}},"5":{"name":"pause","line":113,"loc":{"start":{"line":113,"column":4},"end":{"line":115,"column":4}}},"6":{"name":"unpause","line":118,"loc":{"start":{"line":118,"column":4},"end":{"line":120,"column":4}}}},"statementMap":{"1":{"start":{"line":47,"column":8},"end":{"line":47,"column":56}},"2":{"start":{"line":48,"column":8},"end":{"line":48,"column":62}},"3":{"start":{"line":49,"column":8},"end":{"line":49,"column":68}},"4":{"start":{"line":52,"column":8},"end":{"line":52,"column":33}},"5":{"start":{"line":55,"column":8},"end":{"line":55,"column":45}},"6":{"start":{"line":56,"column":8},"end":{"line":56,"column":47}},"7":{"start":{"line":57,"column":8},"end":{"line":57,"column":41}},"8":{"start":{"line":58,"column":8},"end":{"line":58,"column":47}},"9":{"start":{"line":60,"column":8},"end":{"line":60,"column":69}},"10":{"start":{"line":65,"column":8},"end":{"line":65,"column":53}},"11":{"start":{"line":67,"column":8},"end":{"line":67,"column":50}},"12":{"start":{"line":68,"column":8},"end":{"line":68,"column":55}},"13":{"start":{"line":69,"column":8},"end":{"line":69,"column":72}},"14":{"start":{"line":71,"column":8},"end":{"line":71,"column":32}},"15":{"start":{"line":73,"column":8},"end":{"line":73,"column":76}},"16":{"start":{"line":74,"column":8},"end":{"line":74,"column":43}},"17":{"start":{"line":76,"column":8},"end":{"line":76,"column":61}},"18":{"start":{"line":85,"column":8},"end":{"line":85,"column":53}},"19":{"start":{"line":87,"column":8},"end":{"line":87,"column":50}},"20":{"start":{"line":89,"column":8},"end":{"line":89,"column":55}},"21":{"start":{"line":90,"column":8},"end":{"line":90,"column":72}},"22":{"start":{"line":92,"column":8},"end":{"line":92,"column":32}},"23":{"start":{"line":94,"column":8},"end":{"line":94,"column":76}},"24":{"start":{"line":95,"column":8},"end":{"line":95,"column":43}},"25":{"start":{"line":97,"column":8},"end":{"line":97,"column":61}},"26":{"start":{"line":104,"column":8},"end":{"line":104,"column":23}},"27":{"start":{"line":114,"column":8},"end":{"line":114,"column":15}},"28":{"start":{"line":119,"column":8},"end":{"line":119,"column":17}}},"branchMap":{"1":{"line":47,"type":"if","locations":[{"start":{"line":47,"column":8},"end":{"line":47,"column":8}},{"start":{"line":47,"column":8},"end":{"line":47,"column":8}}]},"2":{"line":48,"type":"if","locations":[{"start":{"line":48,"column":8},"end":{"line":48,"column":8}},{"start":{"line":48,"column":8},"end":{"line":48,"column":8}}]},"3":{"line":49,"type":"if","locations":[{"start":{"line":49,"column":8},"end":{"line":49,"column":8}},{"start":{"line":49,"column":8},"end":{"line":49,"column":8}}]},"4":{"line":65,"type":"if","locations":[{"start":{"line":65,"column":8},"end":{"line":65,"column":8}},{"start":{"line":65,"column":8},"end":{"line":65,"column":8}}]},"5":{"line":68,"type":"if","locations":[{"start":{"line":68,"column":8},"end":{"line":68,"column":8}},{"start":{"line":68,"column":8},"end":{"line":68,"column":8}}]},"6":{"line":69,"type":"if","locations":[{"start":{"line":69,"column":8},"end":{"line":69,"column":8}},{"start":{"line":69,"column":8},"end":{"line":69,"column":8}}]},"7":{"line":74,"type":"if","locations":[{"start":{"line":74,"column":8},"end":{"line":74,"column":8}},{"start":{"line":74,"column":8},"end":{"line":74,"column":8}}]},"8":{"line":85,"type":"if","locations":[{"start":{"line":85,"column":8},"end":{"line":85,"column":8}},{"start":{"line":85,"column":8},"end":{"line":85,"column":8}}]},"9":{"line":89,"type":"if","locations":[{"start":{"line":89,"column":8},"end":{"line":89,"column":8}},{"start":{"line":89,"column":8},"end":{"line":89,"column":8}}]},"10":{"line":90,"type":"if","locations":[{"start":{"line":90,"column":8},"end":{"line":90,"column":8}},{"start":{"line":90,"column":8},"end":{"line":90,"column":8}}]},"11":{"line":95,"type":"if","locations":[{"start":{"line":95,"column":8},"end":{"line":95,"column":8}},{"start":{"line":95,"column":8},"end":{"line":95,"column":8}}]}}}}