{"contracts/Escrow.sol":{"l":{"46":9,"47":8,"48":7,"51":6,"54":6,"55":6,"56":6,"57":6,"59":6,"68":5,"70":4,"72":4,"73":3,"75":2,"77":2,"78":2,"80":2,"87":10,"97":6,"102":2},"path":"/Users/abhi3700/F/coding/github_repos/evm_cc_upside/contracts/Escrow.sol","s":{"1":9,"2":8,"3":7,"4":6,"5":6,"6":6,"7":6,"8":6,"9":6,"10":5,"11":4,"12":4,"13":3,"14":2,"15":2,"16":2,"17":2,"18":10,"19":6,"20":2},"b":{"1":[8,1],"2":[7,1],"3":[6,1],"4":[4,1],"5":[3,1],"6":[2,1],"7":[2,0]},"f":{"1":9,"2":5,"3":10,"4":6,"5":2},"fnMap":{"1":{"name":"depositFor","line":44,"loc":{"start":{"line":44,"column":4},"end":{"line":60,"column":4}}},"2":{"name":"release","line":66,"loc":{"start":{"line":66,"column":4},"end":{"line":81,"column":4}}},"3":{"name":"getEscrowId","line":86,"loc":{"start":{"line":86,"column":4},"end":{"line":88,"column":4}}},"4":{"name":"pause","line":96,"loc":{"start":{"line":96,"column":4},"end":{"line":98,"column":4}}},"5":{"name":"unpause","line":101,"loc":{"start":{"line":101,"column":4},"end":{"line":103,"column":4}}}},"statementMap":{"1":{"start":{"line":46,"column":8},"end":{"line":46,"column":56}},"2":{"start":{"line":47,"column":8},"end":{"line":47,"column":62}},"3":{"start":{"line":48,"column":8},"end":{"line":48,"column":68}},"4":{"start":{"line":51,"column":8},"end":{"line":51,"column":33}},"5":{"start":{"line":54,"column":8},"end":{"line":54,"column":45}},"6":{"start":{"line":55,"column":8},"end":{"line":55,"column":47}},"7":{"start":{"line":56,"column":8},"end":{"line":56,"column":41}},"8":{"start":{"line":57,"column":8},"end":{"line":57,"column":47}},"9":{"start":{"line":59,"column":8},"end":{"line":59,"column":69}},"10":{"start":{"line":68,"column":8},"end":{"line":68,"column":53}},"11":{"start":{"line":70,"column":8},"end":{"line":70,"column":50}},"12":{"start":{"line":72,"column":8},"end":{"line":72,"column":55}},"13":{"start":{"line":73,"column":8},"end":{"line":73,"column":72}},"14":{"start":{"line":75,"column":8},"end":{"line":75,"column":32}},"15":{"start":{"line":77,"column":8},"end":{"line":77,"column":76}},"16":{"start":{"line":78,"column":8},"end":{"line":78,"column":43}},"17":{"start":{"line":80,"column":8},"end":{"line":80,"column":61}},"18":{"start":{"line":87,"column":8},"end":{"line":87,"column":23}},"19":{"start":{"line":97,"column":8},"end":{"line":97,"column":15}},"20":{"start":{"line":102,"column":8},"end":{"line":102,"column":17}}},"branchMap":{"1":{"line":46,"type":"if","locations":[{"start":{"line":46,"column":8},"end":{"line":46,"column":8}},{"start":{"line":46,"column":8},"end":{"line":46,"column":8}}]},"2":{"line":47,"type":"if","locations":[{"start":{"line":47,"column":8},"end":{"line":47,"column":8}},{"start":{"line":47,"column":8},"end":{"line":47,"column":8}}]},"3":{"line":48,"type":"if","locations":[{"start":{"line":48,"column":8},"end":{"line":48,"column":8}},{"start":{"line":48,"column":8},"end":{"line":48,"column":8}}]},"4":{"line":68,"type":"if","locations":[{"start":{"line":68,"column":8},"end":{"line":68,"column":8}},{"start":{"line":68,"column":8},"end":{"line":68,"column":8}}]},"5":{"line":72,"type":"if","locations":[{"start":{"line":72,"column":8},"end":{"line":72,"column":8}},{"start":{"line":72,"column":8},"end":{"line":72,"column":8}}]},"6":{"line":73,"type":"if","locations":[{"start":{"line":73,"column":8},"end":{"line":73,"column":8}},{"start":{"line":73,"column":8},"end":{"line":73,"column":8}}]},"7":{"line":78,"type":"if","locations":[{"start":{"line":78,"column":8},"end":{"line":78,"column":8}},{"start":{"line":78,"column":8},"end":{"line":78,"column":8}}]}}}}